<?xml version="1.0" encoding="UTF-8"?>
<testsuite xmlns:xsi="http://www.w3.org/2001/XMLSchema-instance" xsi:noNamespaceSchemaLocation="https://maven.apache.org/surefire/maven-surefire-plugin/xsd/surefire-test-report-3.0.xsd" version="3.0" name="TestSuite" time="826.865" tests="12" errors="0" skipped="0" failures="1">
  <properties>
[...]
</properties>
  <testcase name="validateLoginPageTitleTest" classname="com.midhun.crmpro.tests.LoginPageTest" time="2.756">
    <failure message="expected [CRMPRO  - CRM software for customer relationship management, sales, and support.] but found [CRM says…]" type="java.lang.AssertionError">java.lang.AssertionError: expected [CRMPRO  - CRM software for customer relationship management, sales, and support.] but found [CRM says…]
	at com.midhun.crmpro.tests.LoginPageTest.validateLoginPageTitleTest(LoginPageTest.java:25)
</failure>
    <system-out><![CDATA[[TestNG] [WARN] Ignoring duplicate listener : com.midhun.crmpro.util.TestListener
[TestNG] [WARN] Ignoring duplicate listener : com.midhun.crmpro.util.ExtentReporterNG
2019-07-08 23:37:57.015 [INFO ] [main] TestListener : 53  Test started CRMPRO Application Regression Test Cases
2019-07-08 23:38:17.465 [INFO ] [main] WebEventListener : 32  Before navigating to 'https://www.crmpro.com'
2019-07-08 23:38:27.890 [INFO ] [main] WebEventListener : 37  Navigated to 'https://www.crmpro.com'
2019-07-08 23:38:48.222 [INFO ] [main] TestListener : 21  Test started validateLoginPageTitleTest
2019-07-08 23:38:48.389 [ERROR] [main] TestListener : 33  Test failed validateLoginPageTitleTest
java.lang.AssertionError: expected [CRMPRO  - CRM software for customer relationship management, sales, and support.] but found [CRM says…]
	at org.testng.Assert.fail(Assert.java:96) ~[testng-6.14.3.jar:?]
	at org.testng.Assert.failNotEquals(Assert.java:776) ~[testng-6.14.3.jar:?]
	at org.testng.Assert.assertEqualsImpl(Assert.java:137) ~[testng-6.14.3.jar:?]
	at org.testng.Assert.assertEquals(Assert.java:118) ~[testng-6.14.3.jar:?]
	at org.testng.Assert.assertEquals(Assert.java:453) ~[testng-6.14.3.jar:?]
	at org.testng.Assert.assertEquals(Assert.java:463) ~[testng-6.14.3.jar:?]
	at com.midhun.crmpro.tests.LoginPageTest.validateLoginPageTitleTest(LoginPageTest.java:25) ~[test-classes/:?]
	at jdk.internal.reflect.NativeMethodAccessorImpl.invoke0(Native Method) ~[?:?]
	at jdk.internal.reflect.NativeMethodAccessorImpl.invoke(NativeMethodAccessorImpl.java:62) ~[?:?]
	at jdk.internal.reflect.DelegatingMethodAccessorImpl.invoke(DelegatingMethodAccessorImpl.java:43) ~[?:?]
	at java.lang.reflect.Method.invoke(Method.java:566) ~[?:?]
	at org.testng.internal.MethodInvocationHelper.invokeMethod(MethodInvocationHelper.java:124) ~[testng-6.14.3.jar:?]
	at org.testng.internal.Invoker.invokeMethod(Invoker.java:583) [testng-6.14.3.jar:?]
	at org.testng.internal.Invoker.invokeTestMethod(Invoker.java:719) [testng-6.14.3.jar:?]
	at org.testng.internal.Invoker.invokeTestMethods(Invoker.java:989) [testng-6.14.3.jar:?]
	at org.testng.internal.TestMethodWorker.invokeTestMethods(TestMethodWorker.java:125) [testng-6.14.3.jar:?]
	at org.testng.internal.TestMethodWorker.run(TestMethodWorker.java:109) [testng-6.14.3.jar:?]
	at org.testng.TestRunner.privateRun(TestRunner.java:648) [testng-6.14.3.jar:?]
	at org.testng.TestRunner.run(TestRunner.java:505) [testng-6.14.3.jar:?]
	at org.testng.SuiteRunner.runTest(SuiteRunner.java:455) [testng-6.14.3.jar:?]
	at org.testng.SuiteRunner.runSequentially(SuiteRunner.java:450) [testng-6.14.3.jar:?]
	at org.testng.SuiteRunner.privateRun(SuiteRunner.java:415) [testng-6.14.3.jar:?]
	at org.testng.SuiteRunner.run(SuiteRunner.java:364) [testng-6.14.3.jar:?]
	at org.testng.SuiteRunnerWorker.runSuite(SuiteRunnerWorker.java:52) [testng-6.14.3.jar:?]
	at org.testng.SuiteRunnerWorker.run(SuiteRunnerWorker.java:84) [testng-6.14.3.jar:?]
	at org.testng.TestNG.runSuitesSequentially(TestNG.java:1208) [testng-6.14.3.jar:?]
	at org.testng.TestNG.runSuitesLocally(TestNG.java:1137) [testng-6.14.3.jar:?]
	at org.testng.TestNG.runSuites(TestNG.java:1049) [testng-6.14.3.jar:?]
	at org.testng.TestNG.run(TestNG.java:1017) [testng-6.14.3.jar:?]
	at org.apache.maven.surefire.testng.TestNGExecutor.run(TestNGExecutor.java:283) [surefire-testng-3.0.0-M3.jar:3.0.0-M3]
	at org.apache.maven.surefire.testng.TestNGXmlTestSuite.execute(TestNGXmlTestSuite.java:75) [surefire-testng-3.0.0-M3.jar:3.0.0-M3]
	at org.apache.maven.surefire.testng.TestNGProvider.invoke(TestNGProvider.java:120) [surefire-testng-3.0.0-M3.jar:3.0.0-M3]
	at org.apache.maven.surefire.booter.ForkedBooter.invokeProviderInSameClassLoader(ForkedBooter.java:384) [surefire-booter-3.0.0-M3.jar:3.0.0-M3]
	at org.apache.maven.surefire.booter.ForkedBooter.runSuitesInProcess(ForkedBooter.java:345) [surefire-booter-3.0.0-M3.jar:3.0.0-M3]
	at org.apache.maven.surefire.booter.ForkedBooter.execute(ForkedBooter.java:126) [surefire-booter-3.0.0-M3.jar:3.0.0-M3]
	at org.apache.maven.surefire.booter.ForkedBooter.main(ForkedBooter.java:418) [surefire-booter-3.0.0-M3.jar:3.0.0-M3]
]]></system-out>
    <system-err><![CDATA[SLF4J: Failed to load class "org.slf4j.impl.StaticLoggerBinder".
SLF4J: Defaulting to no-operation (NOP) logger implementation
SLF4J: See http://www.slf4j.org/codes.html#StaticLoggerBinder for further details.
Starting ChromeDriver 75.0.3770.8 (681f24ea911fe754973dda2fdc6d2a2e159dd300-refs/branch-heads/3770@{#40}) on port 31371
Only local connections are allowed.
Please protect ports used by ChromeDriver and related test frameworks to prevent access by malicious code.
Jul 08, 2019 11:38:16 PM org.openqa.selenium.remote.ProtocolHandshake createSession
INFO: Detected dialect: W3C
]]></system-err>
  </testcase>
  <testcase name="crmproLogoTest" classname="com.midhun.crmpro.tests.LoginPageTest" time="0.243"/>
  <testcase name="loginTest" classname="com.midhun.crmpro.tests.LoginPageTest" time="25.13"/>
  <testcase name="validateHomePageTitleTest" classname="com.midhun.crmpro.tests.HomePageTest" time="0.016"/>
  <testcase name="validateLoggedInUserNameTest" classname="com.midhun.crmpro.tests.HomePageTest" time="0.354"/>
  <testcase name="validateContactsLink" classname="com.midhun.crmpro.tests.HomePageTest" time="27.54"/>
  <testcase name="validateContactsLabelTest" classname="com.midhun.crmpro.tests.ContactsPageTest" time="0.094"/>
  <testcase name="selectSingleContactTest" classname="com.midhun.crmpro.tests.ContactsPageTest" time="5.223"/>
  <testcase name="selectMultipleContactsTest" classname="com.midhun.crmpro.tests.ContactsPageTest" time="10.463"/>
  <testcase name="createNewContactTest" classname="com.midhun.crmpro.tests.NewContactPageTest" time="4.26"/>
  <testcase name="createNewContactTest" classname="com.midhun.crmpro.tests.NewContactPageTest" time="3.217"/>
  <testcase name="createNewContactTest" classname="com.midhun.crmpro.tests.NewContactPageTest" time="2.934"/>
</testsuite>