<?xml version="1.0" encoding="UTF-8"?>
<testsuite xmlns:xsi="http://www.w3.org/2001/XMLSchema-instance" xsi:noNamespaceSchemaLocation="https://maven.apache.org/surefire/maven-surefire-plugin/xsd/surefire-test-report-3.0.xsd" version="3.0" name="TestSuite" time="861.01" tests="12" errors="0" skipped="0" failures="1">
  <properties>
[...]
</properties>
  <testcase name="validateLoginPageTitleTest" classname="com.midhun.crmpro.tests.LoginPageTest" time="1.188">
    <failure message="expected [CRMPRO  - CRM software for customer relationship management, sales, and support.] but found [CRMPRO - CRM software for customer relationship management, sales, and support.]" type="java.lang.AssertionError">java.lang.AssertionError: expected [CRMPRO  - CRM software for customer relationship management, sales, and support.] but found [CRMPRO - CRM software for customer relationship management, sales, and support.]
	at com.midhun.crmpro.tests.LoginPageTest.validateLoginPageTitleTest(LoginPageTest.java:25)
</failure>
    <system-out><![CDATA[[TestNG] [WARN] Ignoring duplicate listener : com.midhun.crmpro.util.TestListener
[TestNG] [WARN] Ignoring duplicate listener : com.midhun.crmpro.util.ExtentReporterNG
Test started CRMPRO Application Regression Test Cases
Before navigating to 'https://www.crmpro.com'
Navigated to 'https://www.crmpro.com'
Test started validateLoginPageTitleTest
Test failed validateLoginPageTitleTest
]]></system-out>
    <system-err><![CDATA[SLF4J: Failed to load class "org.slf4j.impl.StaticLoggerBinder".
SLF4J: Defaulting to no-operation (NOP) logger implementation
SLF4J: See http://www.slf4j.org/codes.html#StaticLoggerBinder for further details.
[20:53:25.028] - Listening on http://localhost:40087/ 
May 15, 2019 8:53:37 PM org.openqa.selenium.remote.ProtocolHandshake createSession
INFO: Detected dialect: OSS
]]></system-err>
  </testcase>
  <testcase name="validateHomePageTitleTest" classname="com.midhun.crmpro.tests.HomePageTest" time="0.013"/>
  <testcase name="validateContactsLabelTest" classname="com.midhun.crmpro.tests.ContactsPageTest" time="0.107"/>
  <testcase name="createNewContactTest" classname="com.midhun.crmpro.tests.NewContactPageTest" time="4.682"/>
  <testcase name="createNewContactTest" classname="com.midhun.crmpro.tests.NewContactPageTest" time="3.928"/>
  <testcase name="createNewContactTest" classname="com.midhun.crmpro.tests.NewContactPageTest" time="3.531"/>
  <testcase name="crmproLogoTest" classname="com.midhun.crmpro.tests.LoginPageTest" time="0.029"/>
  <testcase name="validateLoggedInUserNameTest" classname="com.midhun.crmpro.tests.HomePageTest" time="8.985"/>
  <testcase name="selectSingleContactTest" classname="com.midhun.crmpro.tests.ContactsPageTest" time="5.093"/>
  <testcase name="loginTest" classname="com.midhun.crmpro.tests.LoginPageTest" time="15.491"/>
  <testcase name="validateContactsLink" classname="com.midhun.crmpro.tests.HomePageTest" time="15.242"/>
  <testcase name="selectMultipleContactsTest" classname="com.midhun.crmpro.tests.ContactsPageTest" time="10.125"/>
</testsuite>