-------------------------------------------------------------------------------
Test set: TestSuite
-------------------------------------------------------------------------------
Tests run: 12, Failures: 1, Errors: 0, Skipped: 0, Time elapsed: 861.01 s <<< FAILURE! - in TestSuite
validateLoginPageTitleTest(com.midhun.crmpro.tests.LoginPageTest)  Time elapsed: 1.188 s  <<< FAILURE!
java.lang.AssertionError: expected [CRMPRO  - CRM software for customer relationship management, sales, and support.] but found [CRMPRO - CRM software for customer relationship management, sales, and support.]
	at com.midhun.crmpro.tests.LoginPageTest.validateLoginPageTitleTest(LoginPageTest.java:25)

