<?xml version="1.0" encoding="UTF-8"?>
<testng-results ignored="0" total="12" passed="11" failed="1" skipped="0">
  <reporter-output>
  </reporter-output>
  <suite started-at="2019-07-08T18:07:56Z" name="CRMPRO Application Test Suite" finished-at="2019-07-08T18:21:39Z" duration-ms="822199">
    <groups>
    </groups>
    <test started-at="2019-07-08T18:07:56Z" name="CRMPRO Application Regression Test Cases" finished-at="2019-07-08T18:21:39Z" duration-ms="822199">
      <class name="com.midhun.crmpro.tests.NewContactPageTest">
        <test-method is-config="true" signature="setUp()[pri:0, instance:com.midhun.crmpro.tests.NewContactPageTest@4233e892]" started-at="2019-07-08T18:18:18Z" name="setUp" finished-at="2019-07-08T18:19:24Z" duration-ms="65415" status="PASS">
          <reporter-output>
          </reporter-output>
        </test-method> <!-- setUp -->
        <test-method signature="createNewContactTest(java.lang.String, java.lang.String, java.lang.String, java.lang.String)[pri:10, instance:com.midhun.crmpro.tests.NewContactPageTest@4233e892]" started-at="2019-07-08T18:19:24Z" name="createNewContactTest" description="Create new contact" data-provider="getTestData" finished-at="2019-07-08T18:19:28Z" duration-ms="4259" status="PASS">
          <params>
            <param index="0">
              <value>
                <![CDATA[Mr.]]>
              </value>
            </param>
            <param index="1">
              <value>
                <![CDATA[Tom]]>
              </value>
            </param>
            <param index="2">
              <value>
                <![CDATA[Peter]]>
              </value>
            </param>
            <param index="3">
              <value>
                <![CDATA[Google]]>
              </value>
            </param>
          </params>
          <reporter-output>
          </reporter-output>
        </test-method> <!-- createNewContactTest -->
        <test-method is-config="true" signature="tearDown()[pri:0, instance:com.midhun.crmpro.tests.NewContactPageTest@4233e892]" started-at="2019-07-08T18:19:28Z" name="tearDown" finished-at="2019-07-08T18:19:29Z" duration-ms="844" status="PASS">
          <reporter-output>
          </reporter-output>
        </test-method> <!-- tearDown -->
        <test-method is-config="true" signature="setUp()[pri:0, instance:com.midhun.crmpro.tests.NewContactPageTest@4233e892]" started-at="2019-07-08T18:19:29Z" name="setUp" finished-at="2019-07-08T18:20:32Z" duration-ms="63442" status="PASS">
          <reporter-output>
          </reporter-output>
        </test-method> <!-- setUp -->
        <test-method signature="createNewContactTest(java.lang.String, java.lang.String, java.lang.String, java.lang.String)[pri:10, instance:com.midhun.crmpro.tests.NewContactPageTest@4233e892]" started-at="2019-07-08T18:20:32Z" name="createNewContactTest" description="Create new contact" data-provider="getTestData" finished-at="2019-07-08T18:20:35Z" duration-ms="3218" status="PASS">
          <params>
            <param index="0">
              <value>
                <![CDATA[Dr.]]>
              </value>
            </param>
            <param index="1">
              <value>
                <![CDATA[Chris]]>
              </value>
            </param>
            <param index="2">
              <value>
                <![CDATA[David]]>
              </value>
            </param>
            <param index="3">
              <value>
                <![CDATA[Amazon]]>
              </value>
            </param>
          </params>
          <reporter-output>
          </reporter-output>
        </test-method> <!-- createNewContactTest -->
        <test-method is-config="true" signature="tearDown()[pri:0, instance:com.midhun.crmpro.tests.NewContactPageTest@4233e892]" started-at="2019-07-08T18:20:35Z" name="tearDown" finished-at="2019-07-08T18:20:36Z" duration-ms="861" status="PASS">
          <reporter-output>
          </reporter-output>
        </test-method> <!-- tearDown -->
        <test-method is-config="true" signature="setUp()[pri:0, instance:com.midhun.crmpro.tests.NewContactPageTest@4233e892]" started-at="2019-07-08T18:20:36Z" name="setUp" finished-at="2019-07-08T18:21:35Z" duration-ms="58698" status="PASS">
          <reporter-output>
          </reporter-output>
        </test-method> <!-- setUp -->
        <test-method signature="createNewContactTest(java.lang.String, java.lang.String, java.lang.String, java.lang.String)[pri:10, instance:com.midhun.crmpro.tests.NewContactPageTest@4233e892]" started-at="2019-07-08T18:21:35Z" name="createNewContactTest" description="Create new contact" data-provider="getTestData" finished-at="2019-07-08T18:21:38Z" duration-ms="2935" status="PASS">
          <params>
            <param index="0">
              <value>
                <![CDATA[Mrs.]]>
              </value>
            </param>
            <param index="1">
              <value>
                <![CDATA[Jassym]]>
              </value>
            </param>
            <param index="2">
              <value>
                <![CDATA[Lora]]>
              </value>
            </param>
            <param index="3">
              <value>
                <![CDATA[Ebay]]>
              </value>
            </param>
          </params>
          <reporter-output>
          </reporter-output>
        </test-method> <!-- createNewContactTest -->
        <test-method is-config="true" signature="tearDown()[pri:0, instance:com.midhun.crmpro.tests.NewContactPageTest@4233e892]" started-at="2019-07-08T18:21:38Z" name="tearDown" finished-at="2019-07-08T18:21:39Z" duration-ms="886" status="PASS">
          <reporter-output>
          </reporter-output>
        </test-method> <!-- tearDown -->
      </class> <!-- com.midhun.crmpro.tests.NewContactPageTest -->
      <class name="com.midhun.crmpro.tests.HomePageTest">
        <test-method is-config="true" signature="setUp()[pri:0, instance:com.midhun.crmpro.tests.HomePageTest@3401a114]" started-at="2019-07-08T18:10:43Z" name="setUp" finished-at="2019-07-08T18:11:45Z" duration-ms="61492" status="PASS">
          <reporter-output>
          </reporter-output>
        </test-method> <!-- setUp -->
        <test-method signature="validateHomePageTitleTest()[pri:4, instance:com.midhun.crmpro.tests.HomePageTest@3401a114]" started-at="2019-07-08T18:11:45Z" name="validateHomePageTitleTest" description="Validate home page title" finished-at="2019-07-08T18:11:45Z" duration-ms="16" status="PASS">
          <reporter-output>
          </reporter-output>
        </test-method> <!-- validateHomePageTitleTest -->
        <test-method is-config="true" signature="tearDown()[pri:0, instance:com.midhun.crmpro.tests.HomePageTest@3401a114]" started-at="2019-07-08T18:11:45Z" name="tearDown" finished-at="2019-07-08T18:11:46Z" duration-ms="892" status="PASS">
          <reporter-output>
          </reporter-output>
        </test-method> <!-- tearDown -->
        <test-method is-config="true" signature="setUp()[pri:0, instance:com.midhun.crmpro.tests.HomePageTest@3401a114]" started-at="2019-07-08T18:11:46Z" name="setUp" finished-at="2019-07-08T18:12:46Z" duration-ms="60068" status="PASS">
          <reporter-output>
          </reporter-output>
        </test-method> <!-- setUp -->
        <test-method signature="validateLoggedInUserNameTest()[pri:5, instance:com.midhun.crmpro.tests.HomePageTest@3401a114]" started-at="2019-07-08T18:12:46Z" name="validateLoggedInUserNameTest" description="Validate logged in username" finished-at="2019-07-08T18:12:46Z" duration-ms="355" status="PASS">
          <reporter-output>
          </reporter-output>
        </test-method> <!-- validateLoggedInUserNameTest -->
        <test-method is-config="true" signature="tearDown()[pri:0, instance:com.midhun.crmpro.tests.HomePageTest@3401a114]" started-at="2019-07-08T18:12:46Z" name="tearDown" finished-at="2019-07-08T18:12:47Z" duration-ms="893" status="PASS">
          <reporter-output>
          </reporter-output>
        </test-method> <!-- tearDown -->
        <test-method is-config="true" signature="setUp()[pri:0, instance:com.midhun.crmpro.tests.HomePageTest@3401a114]" started-at="2019-07-08T18:12:47Z" name="setUp" finished-at="2019-07-08T18:13:48Z" duration-ms="60734" status="PASS">
          <reporter-output>
          </reporter-output>
        </test-method> <!-- setUp -->
        <test-method signature="validateContactsLink()[pri:6, instance:com.midhun.crmpro.tests.HomePageTest@3401a114]" started-at="2019-07-08T18:13:48Z" name="validateContactsLink" description="Validate Contacts link" finished-at="2019-07-08T18:14:15Z" duration-ms="27541" status="PASS">
          <reporter-output>
          </reporter-output>
        </test-method> <!-- validateContactsLink -->
        <test-method is-config="true" signature="tearDown()[pri:0, instance:com.midhun.crmpro.tests.HomePageTest@3401a114]" started-at="2019-07-08T18:14:15Z" name="tearDown" finished-at="2019-07-08T18:14:16Z" duration-ms="845" status="PASS">
          <reporter-output>
          </reporter-output>
        </test-method> <!-- tearDown -->
      </class> <!-- com.midhun.crmpro.tests.HomePageTest -->
      <class name="com.midhun.crmpro.tests.LoginPageTest">
        <test-method is-config="true" signature="setUp()[pri:0, instance:com.midhun.crmpro.tests.LoginPageTest@7e276594]" started-at="2019-07-08T18:07:57Z" name="setUp" finished-at="2019-07-08T18:08:48Z" duration-ms="51169" status="PASS">
          <reporter-output>
          </reporter-output>
        </test-method> <!-- setUp -->
        <test-method signature="validateLoginPageTitleTest()[pri:1, instance:com.midhun.crmpro.tests.LoginPageTest@7e276594]" started-at="2019-07-08T18:08:48Z" name="validateLoginPageTitleTest" description="Validate login page title" finished-at="2019-07-08T18:08:48Z" duration-ms="150" status="FAIL">
          <exception class="java.lang.AssertionError">
            <message>
              <![CDATA[expected [CRMPRO  - CRM software for customer relationship management, sales, and support.] but found [CRM says…]]]>
            </message>
            <full-stacktrace>
              <![CDATA[java.lang.AssertionError: expected [CRMPRO  - CRM software for customer relationship management, sales, and support.] but found [CRM says…]
at org.testng.Assert.fail(Assert.java:96)
at org.testng.Assert.failNotEquals(Assert.java:776)
at org.testng.Assert.assertEqualsImpl(Assert.java:137)
at org.testng.Assert.assertEquals(Assert.java:118)
at org.testng.Assert.assertEquals(Assert.java:453)
at org.testng.Assert.assertEquals(Assert.java:463)
at com.midhun.crmpro.tests.LoginPageTest.validateLoginPageTitleTest(LoginPageTest.java:25)
at java.base/jdk.internal.reflect.NativeMethodAccessorImpl.invoke0(Native Method)
at java.base/jdk.internal.reflect.NativeMethodAccessorImpl.invoke(NativeMethodAccessorImpl.java:62)
at java.base/jdk.internal.reflect.DelegatingMethodAccessorImpl.invoke(DelegatingMethodAccessorImpl.java:43)
at java.base/java.lang.reflect.Method.invoke(Method.java:566)
at org.testng.internal.MethodInvocationHelper.invokeMethod(MethodInvocationHelper.java:124)
at org.testng.internal.Invoker.invokeMethod(Invoker.java:583)
at org.testng.internal.Invoker.invokeTestMethod(Invoker.java:719)
at org.testng.internal.Invoker.invokeTestMethods(Invoker.java:989)
at org.testng.internal.TestMethodWorker.invokeTestMethods(TestMethodWorker.java:125)
at org.testng.internal.TestMethodWorker.run(TestMethodWorker.java:109)
at org.testng.TestRunner.privateRun(TestRunner.java:648)
at org.testng.TestRunner.run(TestRunner.java:505)
at org.testng.SuiteRunner.runTest(SuiteRunner.java:455)
at org.testng.SuiteRunner.runSequentially(SuiteRunner.java:450)
at org.testng.SuiteRunner.privateRun(SuiteRunner.java:415)
at org.testng.SuiteRunner.run(SuiteRunner.java:364)
at org.testng.SuiteRunnerWorker.runSuite(SuiteRunnerWorker.java:52)
at org.testng.SuiteRunnerWorker.run(SuiteRunnerWorker.java:84)
at org.testng.TestNG.runSuitesSequentially(TestNG.java:1208)
at org.testng.TestNG.runSuitesLocally(TestNG.java:1137)
at org.testng.TestNG.runSuites(TestNG.java:1049)
at org.testng.TestNG.run(TestNG.java:1017)
at org.apache.maven.surefire.testng.TestNGExecutor.run(TestNGExecutor.java:283)
at org.apache.maven.surefire.testng.TestNGXmlTestSuite.execute(TestNGXmlTestSuite.java:75)
at org.apache.maven.surefire.testng.TestNGProvider.invoke(TestNGProvider.java:120)
at org.apache.maven.surefire.booter.ForkedBooter.invokeProviderInSameClassLoader(ForkedBooter.java:384)
at org.apache.maven.surefire.booter.ForkedBooter.runSuitesInProcess(ForkedBooter.java:345)
at org.apache.maven.surefire.booter.ForkedBooter.execute(ForkedBooter.java:126)
at org.apache.maven.surefire.booter.ForkedBooter.main(ForkedBooter.java:418)
]]>
            </full-stacktrace>
          </exception> <!-- java.lang.AssertionError -->
          <reporter-output>
          </reporter-output>
        </test-method> <!-- validateLoginPageTitleTest -->
        <test-method is-config="true" signature="tearDown()[pri:0, instance:com.midhun.crmpro.tests.LoginPageTest@7e276594]" started-at="2019-07-08T18:08:50Z" name="tearDown" finished-at="2019-07-08T18:08:51Z" duration-ms="1006" status="PASS">
          <reporter-output>
          </reporter-output>
        </test-method> <!-- tearDown -->
        <test-method is-config="true" signature="setUp()[pri:0, instance:com.midhun.crmpro.tests.LoginPageTest@7e276594]" started-at="2019-07-08T18:08:51Z" name="setUp" finished-at="2019-07-08T18:09:35Z" duration-ms="43450" status="PASS">
          <reporter-output>
          </reporter-output>
        </test-method> <!-- setUp -->
        <test-method signature="crmproLogoTest()[pri:2, instance:com.midhun.crmpro.tests.LoginPageTest@7e276594]" started-at="2019-07-08T18:09:35Z" name="crmproLogoTest" description="Validate CRMPRO logo" finished-at="2019-07-08T18:09:35Z" duration-ms="246" status="PASS">
          <reporter-output>
          </reporter-output>
        </test-method> <!-- crmproLogoTest -->
        <test-method is-config="true" signature="tearDown()[pri:0, instance:com.midhun.crmpro.tests.LoginPageTest@7e276594]" started-at="2019-07-08T18:09:35Z" name="tearDown" finished-at="2019-07-08T18:09:37Z" duration-ms="1724" status="PASS">
          <reporter-output>
          </reporter-output>
        </test-method> <!-- tearDown -->
        <test-method is-config="true" signature="setUp()[pri:0, instance:com.midhun.crmpro.tests.LoginPageTest@7e276594]" started-at="2019-07-08T18:09:37Z" name="setUp" finished-at="2019-07-08T18:10:17Z" duration-ms="40524" status="PASS">
          <reporter-output>
          </reporter-output>
        </test-method> <!-- setUp -->
        <test-method signature="loginTest()[pri:3, instance:com.midhun.crmpro.tests.LoginPageTest@7e276594]" started-at="2019-07-08T18:10:17Z" name="loginTest" description="Validate login" finished-at="2019-07-08T18:10:43Z" duration-ms="25132" status="PASS">
          <reporter-output>
          </reporter-output>
        </test-method> <!-- loginTest -->
        <test-method is-config="true" signature="tearDown()[pri:0, instance:com.midhun.crmpro.tests.LoginPageTest@7e276594]" started-at="2019-07-08T18:10:43Z" name="tearDown" finished-at="2019-07-08T18:10:43Z" duration-ms="899" status="PASS">
          <reporter-output>
          </reporter-output>
        </test-method> <!-- tearDown -->
      </class> <!-- com.midhun.crmpro.tests.LoginPageTest -->
      <class name="com.midhun.crmpro.tests.ContactsPageTest">
        <test-method is-config="true" signature="setUp()[pri:0, instance:com.midhun.crmpro.tests.ContactsPageTest@5066d65f]" started-at="2019-07-08T18:14:16Z" name="setUp" finished-at="2019-07-08T18:15:31Z" duration-ms="74789" status="PASS">
          <reporter-output>
          </reporter-output>
        </test-method> <!-- setUp -->
        <test-method signature="validateContactsLabelTest()[pri:7, instance:com.midhun.crmpro.tests.ContactsPageTest@5066d65f]" started-at="2019-07-08T18:15:31Z" name="validateContactsLabelTest" description="Validate Contacts label" finished-at="2019-07-08T18:15:31Z" duration-ms="94" status="PASS">
          <reporter-output>
          </reporter-output>
        </test-method> <!-- validateContactsLabelTest -->
        <test-method is-config="true" signature="tearDown()[pri:0, instance:com.midhun.crmpro.tests.ContactsPageTest@5066d65f]" started-at="2019-07-08T18:15:31Z" name="tearDown" finished-at="2019-07-08T18:15:32Z" duration-ms="845" status="PASS">
          <reporter-output>
          </reporter-output>
        </test-method> <!-- tearDown -->
        <test-method is-config="true" signature="setUp()[pri:0, instance:com.midhun.crmpro.tests.ContactsPageTest@5066d65f]" started-at="2019-07-08T18:15:32Z" name="setUp" finished-at="2019-07-08T18:16:45Z" duration-ms="72883" status="PASS">
          <reporter-output>
          </reporter-output>
        </test-method> <!-- setUp -->
        <test-method signature="selectSingleContactTest()[pri:8, instance:com.midhun.crmpro.tests.ContactsPageTest@5066d65f]" started-at="2019-07-08T18:16:45Z" name="selectSingleContactTest" description="User select single contact" finished-at="2019-07-08T18:16:50Z" duration-ms="5224" status="PASS">
          <reporter-output>
          </reporter-output>
        </test-method> <!-- selectSingleContactTest -->
        <test-method is-config="true" signature="tearDown()[pri:0, instance:com.midhun.crmpro.tests.ContactsPageTest@5066d65f]" started-at="2019-07-08T18:16:50Z" name="tearDown" finished-at="2019-07-08T18:16:51Z" duration-ms="848" status="PASS">
          <reporter-output>
          </reporter-output>
        </test-method> <!-- tearDown -->
        <test-method is-config="true" signature="setUp()[pri:0, instance:com.midhun.crmpro.tests.ContactsPageTest@5066d65f]" started-at="2019-07-08T18:16:51Z" name="setUp" finished-at="2019-07-08T18:18:05Z" duration-ms="73751" status="PASS">
          <reporter-output>
          </reporter-output>
        </test-method> <!-- setUp -->
        <test-method signature="selectMultipleContactsTest()[pri:9, instance:com.midhun.crmpro.tests.ContactsPageTest@5066d65f]" started-at="2019-07-08T18:18:05Z" name="selectMultipleContactsTest" description="User select multiple contacts" finished-at="2019-07-08T18:18:15Z" duration-ms="10462" status="PASS">
          <reporter-output>
          </reporter-output>
        </test-method> <!-- selectMultipleContactsTest -->
        <test-method is-config="true" signature="tearDown()[pri:0, instance:com.midhun.crmpro.tests.ContactsPageTest@5066d65f]" started-at="2019-07-08T18:18:15Z" name="tearDown" finished-at="2019-07-08T18:18:16Z" duration-ms="914" status="PASS">
          <reporter-output>
          </reporter-output>
        </test-method> <!-- tearDown -->
      </class> <!-- com.midhun.crmpro.tests.ContactsPageTest -->
    </test> <!-- CRMPRO Application Regression Test Cases -->
  </suite> <!-- CRMPRO Application Test Suite -->
</testng-results>
