<?xml version="1.0" encoding="UTF-8"?>
<testng-results ignored="0" total="12" passed="11" failed="1" skipped="0">
  <reporter-output>
  </reporter-output>
  <suite started-at="2019-05-15T15:00:46Z" name="CRMPRO Application Test Suite" finished-at="2019-05-15T15:12:13Z" duration-ms="687309">
    <groups>
    </groups>
    <test started-at="2019-05-15T15:00:46Z" name="CRMPRO Application Regression Test Cases" finished-at="2019-05-15T15:12:13Z" duration-ms="687309">
      <class name="com.midhun.crmpro.tests.NewContactPageTest">
        <test-method is-config="true" signature="setUp()[pri:0, instance:com.midhun.crmpro.tests.NewContactPageTest@1018bde2]" started-at="2019-05-15T15:03:36Z" name="setUp" finished-at="2019-05-15T15:04:21Z" duration-ms="45894" status="PASS">
          <reporter-output>
          </reporter-output>
        </test-method> <!-- setUp -->
        <test-method signature="createNewContactTest(java.lang.String, java.lang.String, java.lang.String, java.lang.String)[pri:1, instance:com.midhun.crmpro.tests.NewContactPageTest@1018bde2]" started-at="2019-05-15T15:04:21Z" name="createNewContactTest" description="Create new contact" data-provider="getTestData" finished-at="2019-05-15T15:04:25Z" duration-ms="3498" status="PASS">
          <params>
            <param index="0">
              <value>
                <![CDATA[Mr.]]>
              </value>
            </param>
            <param index="1">
              <value>
                <![CDATA[Tom]]>
              </value>
            </param>
            <param index="2">
              <value>
                <![CDATA[Peter]]>
              </value>
            </param>
            <param index="3">
              <value>
                <![CDATA[Google]]>
              </value>
            </param>
          </params>
          <reporter-output>
          </reporter-output>
        </test-method> <!-- createNewContactTest -->
        <test-method is-config="true" signature="tearDown()[pri:0, instance:com.midhun.crmpro.tests.NewContactPageTest@1018bde2]" started-at="2019-05-15T15:04:25Z" name="tearDown" finished-at="2019-05-15T15:04:28Z" duration-ms="3325" status="PASS">
          <reporter-output>
          </reporter-output>
        </test-method> <!-- tearDown -->
        <test-method is-config="true" signature="setUp()[pri:0, instance:com.midhun.crmpro.tests.NewContactPageTest@1018bde2]" started-at="2019-05-15T15:04:28Z" name="setUp" finished-at="2019-05-15T15:05:20Z" duration-ms="51454" status="PASS">
          <reporter-output>
          </reporter-output>
        </test-method> <!-- setUp -->
        <test-method signature="createNewContactTest(java.lang.String, java.lang.String, java.lang.String, java.lang.String)[pri:1, instance:com.midhun.crmpro.tests.NewContactPageTest@1018bde2]" started-at="2019-05-15T15:05:20Z" name="createNewContactTest" description="Create new contact" data-provider="getTestData" finished-at="2019-05-15T15:05:23Z" duration-ms="3185" status="PASS">
          <params>
            <param index="0">
              <value>
                <![CDATA[Dr.]]>
              </value>
            </param>
            <param index="1">
              <value>
                <![CDATA[Chris]]>
              </value>
            </param>
            <param index="2">
              <value>
                <![CDATA[David]]>
              </value>
            </param>
            <param index="3">
              <value>
                <![CDATA[Amazon]]>
              </value>
            </param>
          </params>
          <reporter-output>
          </reporter-output>
        </test-method> <!-- createNewContactTest -->
        <test-method is-config="true" signature="tearDown()[pri:0, instance:com.midhun.crmpro.tests.NewContactPageTest@1018bde2]" started-at="2019-05-15T15:05:23Z" name="tearDown" finished-at="2019-05-15T15:05:26Z" duration-ms="2843" status="PASS">
          <reporter-output>
          </reporter-output>
        </test-method> <!-- tearDown -->
        <test-method is-config="true" signature="setUp()[pri:0, instance:com.midhun.crmpro.tests.NewContactPageTest@1018bde2]" started-at="2019-05-15T15:05:26Z" name="setUp" finished-at="2019-05-15T15:06:11Z" duration-ms="45589" status="PASS">
          <reporter-output>
          </reporter-output>
        </test-method> <!-- setUp -->
        <test-method signature="createNewContactTest(java.lang.String, java.lang.String, java.lang.String, java.lang.String)[pri:1, instance:com.midhun.crmpro.tests.NewContactPageTest@1018bde2]" started-at="2019-05-15T15:06:11Z" name="createNewContactTest" description="Create new contact" data-provider="getTestData" finished-at="2019-05-15T15:06:15Z" duration-ms="3369" status="PASS">
          <params>
            <param index="0">
              <value>
                <![CDATA[Mrs.]]>
              </value>
            </param>
            <param index="1">
              <value>
                <![CDATA[Jassym]]>
              </value>
            </param>
            <param index="2">
              <value>
                <![CDATA[Lora]]>
              </value>
            </param>
            <param index="3">
              <value>
                <![CDATA[Ebay]]>
              </value>
            </param>
          </params>
          <reporter-output>
          </reporter-output>
        </test-method> <!-- createNewContactTest -->
        <test-method is-config="true" signature="tearDown()[pri:0, instance:com.midhun.crmpro.tests.NewContactPageTest@1018bde2]" started-at="2019-05-15T15:06:15Z" name="tearDown" finished-at="2019-05-15T15:06:18Z" duration-ms="3608" status="PASS">
          <reporter-output>
          </reporter-output>
        </test-method> <!-- tearDown -->
      </class> <!-- com.midhun.crmpro.tests.NewContactPageTest -->
      <class name="com.midhun.crmpro.tests.HomePageTest">
        <test-method is-config="true" signature="setUp()[pri:0, instance:com.midhun.crmpro.tests.HomePageTest@60015ef5]" started-at="2019-05-15T15:01:41Z" name="setUp" finished-at="2019-05-15T15:02:27Z" duration-ms="45693" status="PASS">
          <reporter-output>
          </reporter-output>
        </test-method> <!-- setUp -->
        <test-method signature="validateHomePageTitleTest()[pri:1, instance:com.midhun.crmpro.tests.HomePageTest@60015ef5]" started-at="2019-05-15T15:02:27Z" name="validateHomePageTitleTest" description="Validate home page title" finished-at="2019-05-15T15:02:27Z" duration-ms="13" status="PASS">
          <reporter-output>
          </reporter-output>
        </test-method> <!-- validateHomePageTitleTest -->
        <test-method is-config="true" signature="tearDown()[pri:0, instance:com.midhun.crmpro.tests.HomePageTest@60015ef5]" started-at="2019-05-15T15:02:27Z" name="tearDown" finished-at="2019-05-15T15:02:30Z" duration-ms="3145" status="PASS">
          <reporter-output>
          </reporter-output>
        </test-method> <!-- tearDown -->
        <test-method is-config="true" signature="setUp()[pri:0, instance:com.midhun.crmpro.tests.HomePageTest@60015ef5]" started-at="2019-05-15T15:06:52Z" name="setUp" finished-at="2019-05-15T15:07:38Z" duration-ms="45689" status="PASS">
          <reporter-output>
          </reporter-output>
        </test-method> <!-- setUp -->
        <test-method signature="validateLoggedInUserNameTest()[pri:2, instance:com.midhun.crmpro.tests.HomePageTest@60015ef5]" started-at="2019-05-15T15:07:38Z" name="validateLoggedInUserNameTest" description="Validate logged in username" finished-at="2019-05-15T15:07:38Z" duration-ms="88" status="PASS">
          <reporter-output>
          </reporter-output>
        </test-method> <!-- validateLoggedInUserNameTest -->
        <test-method is-config="true" signature="tearDown()[pri:0, instance:com.midhun.crmpro.tests.HomePageTest@60015ef5]" started-at="2019-05-15T15:07:38Z" name="tearDown" finished-at="2019-05-15T15:07:41Z" duration-ms="3064" status="PASS">
          <reporter-output>
          </reporter-output>
        </test-method> <!-- tearDown -->
        <test-method is-config="true" signature="setUp()[pri:0, instance:com.midhun.crmpro.tests.HomePageTest@60015ef5]" started-at="2019-05-15T15:09:43Z" name="setUp" finished-at="2019-05-15T15:10:30Z" duration-ms="47476" status="PASS">
          <reporter-output>
          </reporter-output>
        </test-method> <!-- setUp -->
        <test-method signature="validateContactsLink()[pri:3, instance:com.midhun.crmpro.tests.HomePageTest@60015ef5]" started-at="2019-05-15T15:10:30Z" name="validateContactsLink" description="Validate Contacts link" finished-at="2019-05-15T15:10:46Z" duration-ms="15118" status="PASS">
          <reporter-output>
          </reporter-output>
        </test-method> <!-- validateContactsLink -->
        <test-method is-config="true" signature="tearDown()[pri:0, instance:com.midhun.crmpro.tests.HomePageTest@60015ef5]" started-at="2019-05-15T15:10:46Z" name="tearDown" finished-at="2019-05-15T15:10:49Z" duration-ms="3250" status="PASS">
          <reporter-output>
          </reporter-output>
        </test-method> <!-- tearDown -->
      </class> <!-- com.midhun.crmpro.tests.HomePageTest -->
      <class name="com.midhun.crmpro.tests.LoginPageTest">
        <test-method is-config="true" signature="setUp()[pri:0, instance:com.midhun.crmpro.tests.LoginPageTest@55740540]" started-at="2019-05-15T15:00:46Z" name="setUp" finished-at="2019-05-15T15:01:36Z" duration-ms="50415" status="PASS">
          <reporter-output>
          </reporter-output>
        </test-method> <!-- setUp -->
        <test-method signature="validateLoginPageTitleTest()[pri:1, instance:com.midhun.crmpro.tests.LoginPageTest@55740540]" started-at="2019-05-15T15:01:36Z" name="validateLoginPageTitleTest" description="Validate login page title" finished-at="2019-05-15T15:01:36Z" duration-ms="24" status="FAIL">
          <exception class="java.lang.AssertionError">
            <message>
              <![CDATA[expected [CRMPRO  - CRM software for customer relationship management, sales, and support.] but found [CRM says…]]]>
            </message>
            <full-stacktrace>
              <![CDATA[java.lang.AssertionError: expected [CRMPRO  - CRM software for customer relationship management, sales, and support.] but found [CRM says…]
at org.testng.Assert.fail(Assert.java:96)
at org.testng.Assert.failNotEquals(Assert.java:776)
at org.testng.Assert.assertEqualsImpl(Assert.java:137)
at org.testng.Assert.assertEquals(Assert.java:118)
at org.testng.Assert.assertEquals(Assert.java:453)
at org.testng.Assert.assertEquals(Assert.java:463)
at com.midhun.crmpro.tests.LoginPageTest.validateLoginPageTitleTest(LoginPageTest.java:25)
at java.base/jdk.internal.reflect.NativeMethodAccessorImpl.invoke0(Native Method)
at java.base/jdk.internal.reflect.NativeMethodAccessorImpl.invoke(NativeMethodAccessorImpl.java:62)
at java.base/jdk.internal.reflect.DelegatingMethodAccessorImpl.invoke(DelegatingMethodAccessorImpl.java:43)
at java.base/java.lang.reflect.Method.invoke(Method.java:566)
at org.testng.internal.MethodInvocationHelper.invokeMethod(MethodInvocationHelper.java:124)
at org.testng.internal.Invoker.invokeMethod(Invoker.java:583)
at org.testng.internal.Invoker.invokeTestMethod(Invoker.java:719)
at org.testng.internal.Invoker.invokeTestMethods(Invoker.java:989)
at org.testng.internal.TestMethodWorker.invokeTestMethods(TestMethodWorker.java:125)
at org.testng.internal.TestMethodWorker.run(TestMethodWorker.java:109)
at org.testng.TestRunner.privateRun(TestRunner.java:648)
at org.testng.TestRunner.run(TestRunner.java:505)
at org.testng.SuiteRunner.runTest(SuiteRunner.java:455)
at org.testng.SuiteRunner.runSequentially(SuiteRunner.java:450)
at org.testng.SuiteRunner.privateRun(SuiteRunner.java:415)
at org.testng.SuiteRunner.run(SuiteRunner.java:364)
at org.testng.SuiteRunnerWorker.runSuite(SuiteRunnerWorker.java:52)
at org.testng.SuiteRunnerWorker.run(SuiteRunnerWorker.java:84)
at org.testng.TestNG.runSuitesSequentially(TestNG.java:1208)
at org.testng.TestNG.runSuitesLocally(TestNG.java:1137)
at org.testng.TestNG.runSuites(TestNG.java:1049)
at org.testng.TestNG.run(TestNG.java:1017)
at org.testng.remote.AbstractRemoteTestNG.run(AbstractRemoteTestNG.java:115)
at org.testng.remote.RemoteTestNG.initAndRun(RemoteTestNG.java:251)
at org.testng.remote.RemoteTestNG.main(RemoteTestNG.java:77)
]]>
            </full-stacktrace>
          </exception> <!-- java.lang.AssertionError -->
          <reporter-output>
          </reporter-output>
        </test-method> <!-- validateLoginPageTitleTest -->
        <test-method is-config="true" signature="tearDown()[pri:0, instance:com.midhun.crmpro.tests.LoginPageTest@55740540]" started-at="2019-05-15T15:01:37Z" name="tearDown" finished-at="2019-05-15T15:01:41Z" duration-ms="4161" status="PASS">
          <reporter-output>
          </reporter-output>
        </test-method> <!-- tearDown -->
        <test-method is-config="true" signature="setUp()[pri:0, instance:com.midhun.crmpro.tests.LoginPageTest@55740540]" started-at="2019-05-15T15:06:18Z" name="setUp" finished-at="2019-05-15T15:06:49Z" duration-ms="30751" status="PASS">
          <reporter-output>
          </reporter-output>
        </test-method> <!-- setUp -->
        <test-method signature="crmproLogoTest()[pri:2, instance:com.midhun.crmpro.tests.LoginPageTest@55740540]" started-at="2019-05-15T15:06:49Z" name="crmproLogoTest" description="Validate CRMPRO logo" finished-at="2019-05-15T15:06:49Z" duration-ms="32" status="PASS">
          <reporter-output>
          </reporter-output>
        </test-method> <!-- crmproLogoTest -->
        <test-method is-config="true" signature="tearDown()[pri:0, instance:com.midhun.crmpro.tests.LoginPageTest@55740540]" started-at="2019-05-15T15:06:49Z" name="tearDown" finished-at="2019-05-15T15:06:52Z" duration-ms="3342" status="PASS">
          <reporter-output>
          </reporter-output>
        </test-method> <!-- tearDown -->
        <test-method is-config="true" signature="setUp()[pri:0, instance:com.midhun.crmpro.tests.LoginPageTest@55740540]" started-at="2019-05-15T15:08:52Z" name="setUp" finished-at="2019-05-15T15:09:24Z" duration-ms="31719" status="PASS">
          <reporter-output>
          </reporter-output>
        </test-method> <!-- setUp -->
        <test-method signature="loginTest()[pri:3, instance:com.midhun.crmpro.tests.LoginPageTest@55740540]" started-at="2019-05-15T15:09:24Z" name="loginTest" description="Validate login" finished-at="2019-05-15T15:09:40Z" duration-ms="15539" status="PASS">
          <reporter-output>
          </reporter-output>
        </test-method> <!-- loginTest -->
        <test-method is-config="true" signature="tearDown()[pri:0, instance:com.midhun.crmpro.tests.LoginPageTest@55740540]" started-at="2019-05-15T15:09:40Z" name="tearDown" finished-at="2019-05-15T15:09:43Z" duration-ms="3318" status="PASS">
          <reporter-output>
          </reporter-output>
        </test-method> <!-- tearDown -->
      </class> <!-- com.midhun.crmpro.tests.LoginPageTest -->
      <class name="com.midhun.crmpro.tests.ContactsPageTest">
        <test-method is-config="true" signature="setUp()[pri:0, instance:com.midhun.crmpro.tests.ContactsPageTest@2f54a33d]" started-at="2019-05-15T15:02:30Z" name="setUp" finished-at="2019-05-15T15:03:31Z" duration-ms="61086" status="PASS">
          <reporter-output>
          </reporter-output>
        </test-method> <!-- setUp -->
        <test-method signature="validateContactsLabelTest()[pri:1, instance:com.midhun.crmpro.tests.ContactsPageTest@2f54a33d]" started-at="2019-05-15T15:03:31Z" name="validateContactsLabelTest" description="Validate Contacts label" finished-at="2019-05-15T15:03:31Z" duration-ms="80" status="PASS">
          <reporter-output>
          </reporter-output>
        </test-method> <!-- validateContactsLabelTest -->
        <test-method is-config="true" signature="tearDown()[pri:0, instance:com.midhun.crmpro.tests.ContactsPageTest@2f54a33d]" started-at="2019-05-15T15:03:31Z" name="tearDown" finished-at="2019-05-15T15:03:34Z" duration-ms="3035" status="PASS">
          <reporter-output>
          </reporter-output>
        </test-method> <!-- tearDown -->
        <test-method is-config="true" signature="setUp()[pri:0, instance:com.midhun.crmpro.tests.ContactsPageTest@2f54a33d]" started-at="2019-05-15T15:07:41Z" name="setUp" finished-at="2019-05-15T15:08:43Z" duration-ms="61821" status="PASS">
          <reporter-output>
          </reporter-output>
        </test-method> <!-- setUp -->
        <test-method signature="selectSingleContactTest()[pri:2, instance:com.midhun.crmpro.tests.ContactsPageTest@2f54a33d]" started-at="2019-05-15T15:08:43Z" name="selectSingleContactTest" description="User select single contact" finished-at="2019-05-15T15:08:48Z" duration-ms="5038" status="PASS">
          <reporter-output>
          </reporter-output>
        </test-method> <!-- selectSingleContactTest -->
        <test-method is-config="true" signature="tearDown()[pri:0, instance:com.midhun.crmpro.tests.ContactsPageTest@2f54a33d]" started-at="2019-05-15T15:08:48Z" name="tearDown" finished-at="2019-05-15T15:08:52Z" duration-ms="4262" status="PASS">
          <reporter-output>
          </reporter-output>
        </test-method> <!-- tearDown -->
        <test-method is-config="true" signature="setUp()[pri:0, instance:com.midhun.crmpro.tests.ContactsPageTest@2f54a33d]" started-at="2019-05-15T15:10:49Z" name="setUp" finished-at="2019-05-15T15:12:00Z" duration-ms="71136" status="PASS">
          <reporter-output>
          </reporter-output>
        </test-method> <!-- setUp -->
        <test-method signature="selectMultipleContactsTest()[pri:3, instance:com.midhun.crmpro.tests.ContactsPageTest@2f54a33d]" started-at="2019-05-15T15:12:00Z" name="selectMultipleContactsTest" description="User select multiple contacts" finished-at="2019-05-15T15:12:10Z" duration-ms="10116" status="PASS">
          <reporter-output>
          </reporter-output>
        </test-method> <!-- selectMultipleContactsTest -->
        <test-method is-config="true" signature="tearDown()[pri:0, instance:com.midhun.crmpro.tests.ContactsPageTest@2f54a33d]" started-at="2019-05-15T15:12:10Z" name="tearDown" finished-at="2019-05-15T15:12:13Z" duration-ms="3112" status="PASS">
          <reporter-output>
          </reporter-output>
        </test-method> <!-- tearDown -->
      </class> <!-- com.midhun.crmpro.tests.ContactsPageTest -->
    </test> <!-- CRMPRO Application Regression Test Cases -->
  </suite> <!-- CRMPRO Application Test Suite -->
</testng-results>
