<?xml version="1.0" encoding="UTF-8"?>
<!-- Generated by org.testng.reporters.JUnitXMLReporter -->
<testsuite ignored="0" hostname="LAPTOP-T3ULBUPM" failures="1" tests="12" name="CRMPRO Application Regression Test Cases" time="687.309" errors="0" timestamp="15 May 2019 15:12:14 GMT">
  <testcase classname="com.midhun.crmpro.tests.LoginPageTest" name="validateLoginPageTitleTest" time="0.024">
    <failure type="java.lang.AssertionError" message="expected [CRMPRO  - CRM software for customer relationship management, sales, and support.] but found [CRM says…]">
      <![CDATA[java.lang.AssertionError: expected [CRMPRO  - CRM software for customer relationship management, sales, and support.] but found [CRM says…]
at com.midhun.crmpro.tests.LoginPageTest.validateLoginPageTitleTest(LoginPageTest.java:25)
... Removed 31 stack frames]]>
    </failure>
  </testcase> <!-- validateLoginPageTitleTest -->
  <testcase classname="com.midhun.crmpro.tests.HomePageTest" name="validateHomePageTitleTest" time="0.013"/>
  <testcase classname="com.midhun.crmpro.tests.ContactsPageTest" name="validateContactsLabelTest" time="0.08"/>
  <testcase classname="com.midhun.crmpro.tests.NewContactPageTest" name="createNewContactTest" time="3.498"/>
  <testcase classname="com.midhun.crmpro.tests.NewContactPageTest" name="createNewContactTest" time="3.185"/>
  <testcase classname="com.midhun.crmpro.tests.NewContactPageTest" name="createNewContactTest" time="3.369"/>
  <testcase classname="com.midhun.crmpro.tests.LoginPageTest" name="crmproLogoTest" time="0.032"/>
  <testcase classname="com.midhun.crmpro.tests.HomePageTest" name="validateLoggedInUserNameTest" time="0.088"/>
  <testcase classname="com.midhun.crmpro.tests.ContactsPageTest" name="selectSingleContactTest" time="5.038"/>
  <testcase classname="com.midhun.crmpro.tests.LoginPageTest" name="loginTest" time="15.539"/>
  <testcase classname="com.midhun.crmpro.tests.HomePageTest" name="validateContactsLink" time="15.118"/>
  <testcase classname="com.midhun.crmpro.tests.ContactsPageTest" name="selectMultipleContactsTest" time="10.116"/>
</testsuite> <!-- CRMPRO Application Regression Test Cases -->
